\BOOKMARK [1][-]{section.1}{Conservation laws}{}% 1
\BOOKMARK [2][-]{subsection.1.1}{Linearisation}{section.1}% 2
\BOOKMARK [2][-]{subsection.1.2}{Hyperbolicity}{section.1}% 3
\BOOKMARK [2][-]{subsection.1.3}{Transport Equation}{section.1}% 4
\BOOKMARK [1][-]{section.2}{Heat Equation}{}% 5
\BOOKMARK [2][-]{subsection.2.1}{Flux vector}{section.2}% 6
\BOOKMARK [2][-]{subsection.2.2}{Q\(t\)}{section.2}% 7
\BOOKMARK [1][-]{section.3}{Discretization and implementation}{}% 8
\BOOKMARK [2][-]{subsection.3.1}{Finite Volume method}{section.3}% 9
\BOOKMARK [2][-]{subsection.3.2}{Implicit Euler}{section.3}% 10
\BOOKMARK [2][-]{subsection.3.3}{Problem in matrix form}{section.3}% 11
\BOOKMARK [2][-]{subsection.3.4}{Approximation of the dirac}{section.3}% 12
\BOOKMARK [2][-]{subsection.3.5}{Implementation}{section.3}% 13
\BOOKMARK [1][-]{section.4}{Numerical results}{}% 14
\BOOKMARK [2][-]{subsection.4.1}{Figures}{section.4}% 15
\BOOKMARK [2][-]{subsection.4.2}{Convergence}{section.4}% 16
\BOOKMARK [2][-]{subsection.4.3}{Conservative}{section.4}% 17
\BOOKMARK [1][-]{section.5}{Refinements}{}% 18
\BOOKMARK [2][-]{subsection.5.1}{Variable coefficients}{section.5}% 19
\BOOKMARK [3][-]{subsubsection.5.1.1}{Finite volume method}{subsection.5.1}% 20
\BOOKMARK [3][-]{subsubsection.5.1.2}{Plots, convergence and conservation}{subsection.5.1}% 21
\BOOKMARK [2][-]{subsection.5.2}{Boundary conditions}{section.5}% 22
\BOOKMARK [3][-]{subsubsection.5.2.1}{Finite volume method}{subsection.5.2}% 23
\BOOKMARK [3][-]{subsubsection.5.2.2}{Plots, convergence and conservation}{subsection.5.2}% 24
